Virtual User Script started at: 21.01.2025 18:37:39
Starting action vuser_init.
Web Turbo Replay of LoadRunner 2021.0.0 for Windows 10; build 430 (янв 05 2021 19:27:22)  	[MsgId: MMSG-26983]
Run mode: HTML  	[MsgId: MMSG-26993]
Replay user agent: Mozilla/5.0 (Windows NT 10.0; Win64; x64) AppleWebKit/537.36 (KHTML, like Gecko) Chrome/131.0.0.0 Safari/537.36 Edg/131.0.0.0  	[MsgId: MMSG-26988]
Runtime Settings file: "C:\Users\masha\OneDrive\Документы\VuGen\Scripts\WebHttpHtml12\\default.cfg"  	[MsgId: MMSG-27141]
Ending action vuser_init.
Running Vuser...
Starting iteration 1.
Maximum number of concurrent connections per server: 6  	[MsgId: MMSG-26989]
Starting action Action.
Action.c(3): Notify: Transaction "1_startPage" started.
Action.c(5): web_url("192.168.88.127:8090") started  	[MsgId: MMSG-26355]
Action.c(5): web_url("192.168.88.127:8090") was successful, 479 body bytes, 191 header bytes, 12 chunking overhead bytes  	[MsgId: MMSG-26385]
Action.c(15): Notify: Transaction "1_startPage" ended with a "Pass" status (Duration: 0,4772 Wasted Time: 0,0557).
Action.c(17): Notify: Transaction "2_sendJSON" started.
Action.c(19): web_submit_data("calculate") started  	[MsgId: MMSG-26355]
Action.c(19): web_submit_data("calculate") was successful, 38 body bytes, 162 header bytes, 11 chunking overhead bytes  	[MsgId: MMSG-26385]
Action.c(31): Notify: Transaction "2_sendJSON" ended with a "Pass" status (Duration: 0,0785 Wasted Time: 0,0070).
Ending action Action.
Ending iteration 1.
Ending Vuser...
Starting action vuser_end.
Ending action vuser_end.
Vuser Terminated.
